<?xml version="1.0" encoding="UTF-8"?>
<!-- Generated by org.testng.reporters.JUnitXMLReporter -->
<testsuite hostname="Sevims-MBP.fios-router.home" ignored="0" name="Login Test" tests="4" failures="0" timestamp="04 Mar 2020 02:22:21 GMT" time="32.977" errors="0">
  <testcase name="getTitle" time="0.119" classname="com.hubspot.tests.LoginPageTest"/>
  <testcase name="loginTest1" time="5.913" classname="com.hubspot.tests.LoginPageTest"/>
  <testcase name="loginTest2" time="0.412" classname="com.hubspot.tests.LoginPageTest"/>
  <testcase name="loginTest3" time="0.514" classname="com.hubspot.tests.LoginPageTest"/>
</testsuite> <!-- Login Test -->
